<?xml version="1.0" encoding="UTF-8"?>
<!-- Generated by org.testng.reporters.JUnitReportReporter -->
<testsuite ignored="0" hostname="Ifte" failures="0" tests="1" name="test.homepagetest" time="0.051" errors="0" timestamp="01 May 2023 20:31:38 GMT" skipped="0">
  <testcase classname="test.homepagetest" name="Homepagetest" time="0.051"/>
</testsuite> <!-- test.homepagetest -->
