<?xml version="1.0" encoding="UTF-8"?>
<!-- Generated by org.testng.reporters.JUnitReportReporter -->
<testsuite ignored="0" hostname="Ifte" failures="0" tests="1" name="test1.homepagetest" time="0.040" errors="0" timestamp="25 Apr 2023 04:46:29 GMT" skipped="0">
  <testcase classname="test1.homepagetest" name="Homepagetest1" time="0.040"/>
</testsuite> <!-- test1.homepagetest -->
